#
# A fatal error has been detected by the Java Runtime Environment:
#
#  Internal Error (javaClasses.cpp:129), pid=2228, tid=3120
#  fatal error: Invalid layout of preloaded class
#
# JRE version: 7.0_13-b20
# Java VM: Java HotSpot(TM) 64-Bit Server VM (23.7-b01 mixed mode windows-amd64 compressed oops)
# Failed to write core dump. Minidumps are not enabled by default on client versions of Windows
#
# If you would like to submit a bug report, please visit:
#   http://bugreport.sun.com/bugreport/crash.jsp
#

---------------  T H R E A D  ---------------

Current thread (0x000000000238d000):  JavaThread "Unknown thread" [_thread_in_vm, id=3120, stack(0x0000000002500000,0x0000000002600000)]

Stack: [0x0000000002500000,0x0000000002600000]

---------------  P R O C E S S  ---------------

Java Threads: ( => current thread )

Other Threads:

=>0x000000000238d000 (exited) JavaThread "Unknown thread" [_thread_in_vm, id=3120, stack(0x0000000002500000,0x0000000002600000)]

VM state:not at safepoint (not fully initialized)

VM Mutex/Monitor currently owned by a thread: None

GC Heap History (0 events):
No events

Deoptimization events (0 events):
No events

Internal exceptions (0 events):
No events

Events (10 events):
Event: 0.162 loading class 0x00000000023f38d0 done
Event: 0.162 loading class 0x00000000023bae10 done
Event: 0.162 loading class 0x00000000023bade0
Event: 0.162 loading class 0x0000000002443e10
Event: 0.162 loading class 0x0000000002443e10 done
Event: 0.162 loading class 0x0000000002443e50
Event: 0.162 loading class 0x0000000002443e50 done
Event: 0.162 loading class 0x00000000089ce7e0
Event: 0.162 loading class 0x00000000089ce7e0 done
Event: 0.162 loading class 0x00000000023bade0 done


Dynamic libraries:
0x000000013fcb0000 - 0x000000013fce3000 	C:\Program Files\Java\jre7\bin\javaw.exe
0x0000000077890000 - 0x0000000077a39000 	C:\Windows\SYSTEM32\ntdll.dll
0x0000000072b50000 - 0x0000000072b9d000 	C:\Program Files\AVAST Software\Avast\snxhk64.dll
0x0000000077770000 - 0x000000007788f000 	C:\Windows\system32\KERNEL32.dll
0x000007fefd890000 - 0x000007fefd8fb000 	C:\Windows\system32\KERNELBASE.dll
0x000007fefe5d0000 - 0x000007fefe6ab000 	C:\Windows\system32\ADVAPI32.dll
0x000007fefe220000 - 0x000007fefe2bf000 	C:\Windows\system32\msvcrt.dll
0x000007fefe160000 - 0x000007fefe17f000 	C:\Windows\SYSTEM32\sechost.dll
0x000007feff9a0000 - 0x000007feffacd000 	C:\Windows\system32\RPCRT4.dll
0x0000000077670000 - 0x000000007776a000 	C:\Windows\system32\USER32.dll
0x000007fefe010000 - 0x000007fefe077000 	C:\Windows\system32\GDI32.dll
0x000007fefe3a0000 - 0x000007fefe3ae000 	C:\Windows\system32\LPK.dll
0x000007feffad0000 - 0x000007feffb99000 	C:\Windows\system32\USP10.dll
0x000007fefc400000 - 0x000007fefc5f4000 	C:\Windows\WinSxS\amd64_microsoft.windows.common-controls_6595b64144ccf1df_6.0.7601.17514_none_fa396087175ac9ac\COMCTL32.dll
0x000007fefe8d0000 - 0x000007fefe941000 	C:\Windows\system32\SHLWAPI.dll
0x000007fefebe0000 - 0x000007fefec0e000 	C:\Windows\system32\IMM32.DLL
0x000007fefead0000 - 0x000007fefebd9000 	C:\Windows\system32\MSCTF.dll
0x000000006f420000 - 0x000000006f4f1000 	C:\Program Files\Java\jre7\bin\msvcr100.dll
0x000000006c490000 - 0x000000006cbaf000 	C:\Program Files\Java\jre7\bin\server\jvm.dll
0x000007fef2580000 - 0x000007fef2589000 	C:\Windows\system32\WSOCK32.dll
0x000007fefe3b0000 - 0x000007fefe3fd000 	C:\Windows\system32\WS2_32.dll
0x000007fefe8c0000 - 0x000007fefe8c8000 	C:\Windows\system32\NSI.dll
0x000007fefb6a0000 - 0x000007fefb6db000 	C:\Windows\system32\WINMM.dll
0x0000000077a60000 - 0x0000000077a67000 	C:\Windows\system32\PSAPI.DLL
0x0000000074e80000 - 0x0000000074e8f000 	C:\Program Files\Java\jre7\bin\verify.dll
0x00000000733d0000 - 0x00000000733f8000 	C:\Program Files\Java\jre7\bin\java.dll
0x0000000074ad0000 - 0x0000000074b05000 	C:\Program Files\Java\jre7\bin\jdwp.dll
0x0000000074ac0000 - 0x0000000074ac8000 	C:\Program Files\Java\jre7\bin\npt.dll
0x0000000074e60000 - 0x0000000074e75000 	C:\Program Files\Java\jre7\bin\zip.dll

VM Arguments:
jvm_args: -agentlib:jdwp=transport=dt_socket,suspend=y,address=localhost:4388 -Dfile.encoding=Cp1252 -Xbootclasspath:C:\Users\William\Downloads\adt-bundle-windows-x86_64-20130219\adt-bundle-windows-x86_64-20130219\sdk\platforms\android-17\android.jar 
java_command: com.simonsays.visual.textual.SimonSays
Launcher Type: SUN_STANDARD

Environment Variables:
PATH=C:\Windows\system32;C:\Windows;C:\Windows\System32\Wbem;C:\Windows\System32\WindowsPowerShell\v1.0\;C:\Program Files\Microsoft\Web Platform Installer\;C:\Program Files (x86)\Microsoft ASP.NET\ASP.NET Web Pages\v1.0\;C:\Program Files (x86)\Windows Kits\8.0\Windows Performance Toolkit\;C:\Program Files\Microsoft SQL Server\110\Tools\Binn\;c:\Program Files (x86)\Microsoft SQL Server\100\Tools\Binn\;c:\Program Files\Microsoft SQL Server\100\Tools\Binn\;c:\Program Files\Microsoft SQL Server\100\DTS\Binn\;C:\Program Files\TortoiseSVN\bin
USERNAME=William
OS=Windows_NT
PROCESSOR_IDENTIFIER=Intel64 Family 6 Model 23 Stepping 6, GenuineIntel



---------------  S Y S T E M  ---------------

OS: Windows 7 , 64 bit Build 7601 Service Pack 1

CPU:total 2 (2 cores per cpu, 1 threads per core) family 6 model 23 stepping 6, cmov, cx8, fxsr, mmx, sse, sse2, sse3, ssse3, tsc

Memory: 4k page, physical 4193512k(1146108k free), swap 8385164k(2753412k free)

vm_info: Java HotSpot(TM) 64-Bit Server VM (23.7-b01) for windows-amd64 JRE (1.7.0_13-b20), built on Jan 30 2013 10:10:00 by "java_re" with unknown MS VC++:1600

time: Mon Apr 22 22:56:32 2013
elapsed time: 0 seconds

